This file contains any messages produced by compilers while
running configure, to aid debugging if configure makes a mistake.

It was created by udisks configure 1.0.5, which was
generated by GNU Autoconf 2.69.  Invocation command line was

  $ ./configure 

## --------- ##
## Platform. ##
## --------- ##

hostname = casket
uname -m = x86_64
uname -r = 3.19.1-gentoo
uname -s = Linux
uname -v = #1 SMP Tue Mar 10 10:10:15 EDT 2015

/usr/bin/uname -p = Intel(R) Celeron(R) 2955U @ 1.40GHz
/bin/uname -X     = unknown

/bin/arch              = unknown
/usr/bin/arch -k       = unknown
/usr/convex/getsysinfo = unknown
/usr/bin/hostinfo      = unknown
/bin/machine           = unknown
/usr/bin/oslevel       = unknown
/bin/universe          = unknown

PATH: /home/eric/.cabal/bin
PATH: /usr/local/bin
PATH: /usr/bin
PATH: /bin
PATH: /opt/bin
PATH: /usr/x86_64-pc-linux-gnu/gcc-bin/4.7.3
PATH: /usr/games/bin


## ----------- ##
## Core tests. ##
## ----------- ##

configure:2475: checking for a BSD-compatible install
configure:2543: result: /usr/bin/install -c
configure:2554: checking whether build environment is sane
configure:2609: result: yes
configure:2760: checking for a thread-safe mkdir -p
configure:2799: result: /bin/mkdir -p
configure:2806: checking for gawk
configure:2822: found /usr/bin/gawk
configure:2833: result: gawk
configure:2844: checking whether make sets $(MAKE)
configure:2866: result: yes
configure:2895: checking whether make supports nested variables
configure:2912: result: yes
configure:3000: checking whether to enable maintainer-specific portions of Makefiles
configure:3009: result: no
configure:3035: checking for style of include used by make
configure:3063: result: GNU
configure:3134: checking for gcc
configure:3150: found /usr/bin/gcc
configure:3161: result: gcc
configure:3390: checking for C compiler version
configure:3399: gcc --version >&5
gcc (Gentoo 4.8.4 p1.0, pie-0.6.1) 4.8.4
Copyright (C) 2013 Free Software Foundation, Inc.
This is free software; see the source for copying conditions.  There is NO
warranty; not even for MERCHANTABILITY or FITNESS FOR A PARTICULAR PURPOSE.

configure:3410: $? = 0
configure:3399: gcc -v >&5
Using built-in specs.
COLLECT_GCC=/usr/x86_64-pc-linux-gnu/gcc-bin/4.8.4/gcc
COLLECT_LTO_WRAPPER=/usr/libexec/gcc/x86_64-pc-linux-gnu/4.8.4/lto-wrapper
Target: x86_64-pc-linux-gnu
Configured with: /var/tmp/portage/sys-devel/gcc-4.8.4/work/gcc-4.8.4/configure --host=x86_64-pc-linux-gnu --build=x86_64-pc-linux-gnu --prefix=/usr --bindir=/usr/x86_64-pc-linux-gnu/gcc-bin/4.8.4 --includedir=/usr/lib/gcc/x86_64-pc-linux-gnu/4.8.4/include --datadir=/usr/share/gcc-data/x86_64-pc-linux-gnu/4.8.4 --mandir=/usr/share/gcc-data/x86_64-pc-linux-gnu/4.8.4/man --infodir=/usr/share/gcc-data/x86_64-pc-linux-gnu/4.8.4/info --with-gxx-include-dir=/usr/lib/gcc/x86_64-pc-linux-gnu/4.8.4/include/g++-v4 --with-python-dir=/share/gcc-data/x86_64-pc-linux-gnu/4.8.4/python --enable-languages=c,c++,objc,fortran --enable-obsolete --enable-secureplt --disable-werror --with-system-zlib --enable-nls --without-included-gettext --enable-checking=release --with-bugurl=https://bugs.gentoo.org/ --with-pkgversion='Gentoo 4.8.4 p1.0, pie-0.6.1' --enable-libstdcxx-time --enable-shared --enable-threads=posix --enable-__cxa_atexit --enable-clocale=gnu --enable-multilib --with-multilib-list=m32,m64 --disable-altivec --disable-fixed-point --enable-targets=all --disable-libgcj --enable-libgomp --disable-libmudflap --disable-libssp --enable-lto --without-cloog --enable-libsanitizer
Thread model: posix
gcc version 4.8.4 (Gentoo 4.8.4 p1.0, pie-0.6.1) 
configure:3410: $? = 0
configure:3399: gcc -V >&5
gcc: error: unrecognized command line option '-V'
gcc: fatal error: no input files
compilation terminated.
configure:3410: $? = 1
configure:3399: gcc -qversion >&5
gcc: error: unrecognized command line option '-qversion'
gcc: fatal error: no input files
compilation terminated.
configure:3410: $? = 1
configure:3430: checking whether the C compiler works
configure:3452: gcc    conftest.c  >&5
configure:3456: $? = 0
configure:3504: result: yes
configure:3507: checking for C compiler default output file name
configure:3509: result: a.out
configure:3515: checking for suffix of executables
configure:3522: gcc -o conftest    conftest.c  >&5
configure:3526: $? = 0
configure:3548: result: 
configure:3570: checking whether we are cross compiling
configure:3578: gcc -o conftest    conftest.c  >&5
configure:3582: $? = 0
configure:3589: ./conftest
configure:3593: $? = 0
configure:3608: result: no
configure:3613: checking for suffix of object files
configure:3635: gcc -c   conftest.c >&5
configure:3639: $? = 0
configure:3660: result: o
configure:3664: checking whether we are using the GNU C compiler
configure:3683: gcc -c   conftest.c >&5
configure:3683: $? = 0
configure:3692: result: yes
configure:3701: checking whether gcc accepts -g
configure:3721: gcc -c -g  conftest.c >&5
configure:3721: $? = 0
configure:3762: result: yes
configure:3779: checking for gcc option to accept ISO C89
configure:3842: gcc  -c -g -O2  conftest.c >&5
configure:3842: $? = 0
configure:3855: result: none needed
configure:3877: checking dependency style of gcc
configure:3988: result: gcc3
configure:4004: checking for library containing strerror
configure:4035: gcc -o conftest -g -O2   conftest.c  >&5
configure:4035: $? = 0
configure:4052: result: none required
configure:4108: checking for gcc
configure:4135: result: gcc
configure:4364: checking for C compiler version
configure:4373: gcc --version >&5
gcc (Gentoo 4.8.4 p1.0, pie-0.6.1) 4.8.4
Copyright (C) 2013 Free Software Foundation, Inc.
This is free software; see the source for copying conditions.  There is NO
warranty; not even for MERCHANTABILITY or FITNESS FOR A PARTICULAR PURPOSE.

configure:4384: $? = 0
configure:4373: gcc -v >&5
Using built-in specs.
COLLECT_GCC=/usr/x86_64-pc-linux-gnu/gcc-bin/4.8.4/gcc
COLLECT_LTO_WRAPPER=/usr/libexec/gcc/x86_64-pc-linux-gnu/4.8.4/lto-wrapper
Target: x86_64-pc-linux-gnu
Configured with: /var/tmp/portage/sys-devel/gcc-4.8.4/work/gcc-4.8.4/configure --host=x86_64-pc-linux-gnu --build=x86_64-pc-linux-gnu --prefix=/usr --bindir=/usr/x86_64-pc-linux-gnu/gcc-bin/4.8.4 --includedir=/usr/lib/gcc/x86_64-pc-linux-gnu/4.8.4/include --datadir=/usr/share/gcc-data/x86_64-pc-linux-gnu/4.8.4 --mandir=/usr/share/gcc-data/x86_64-pc-linux-gnu/4.8.4/man --infodir=/usr/share/gcc-data/x86_64-pc-linux-gnu/4.8.4/info --with-gxx-include-dir=/usr/lib/gcc/x86_64-pc-linux-gnu/4.8.4/include/g++-v4 --with-python-dir=/share/gcc-data/x86_64-pc-linux-gnu/4.8.4/python --enable-languages=c,c++,objc,fortran --enable-obsolete --enable-secureplt --disable-werror --with-system-zlib --enable-nls --without-included-gettext --enable-checking=release --with-bugurl=https://bugs.gentoo.org/ --with-pkgversion='Gentoo 4.8.4 p1.0, pie-0.6.1' --enable-libstdcxx-time --enable-shared --enable-threads=posix --enable-__cxa_atexit --enable-clocale=gnu --enable-multilib --with-multilib-list=m32,m64 --disable-altivec --disable-fixed-point --enable-targets=all --disable-libgcj --enable-libgomp --disable-libmudflap --disable-libssp --enable-lto --without-cloog --enable-libsanitizer
Thread model: posix
gcc version 4.8.4 (Gentoo 4.8.4 p1.0, pie-0.6.1) 
configure:4384: $? = 0
configure:4373: gcc -V >&5
gcc: error: unrecognized command line option '-V'
gcc: fatal error: no input files
compilation terminated.
configure:4384: $? = 1
configure:4373: gcc -qversion >&5
gcc: error: unrecognized command line option '-qversion'
gcc: fatal error: no input files
compilation terminated.
configure:4384: $? = 1
configure:4388: checking whether we are using the GNU C compiler
configure:4416: result: yes
configure:4425: checking whether gcc accepts -g
configure:4486: result: yes
configure:4503: checking for gcc option to accept ISO C89
configure:4579: result: none needed
configure:4601: checking dependency style of gcc
configure:4712: result: gcc3
configure:4775: checking for gcc
configure:4802: result: gcc
configure:5031: checking for C compiler version
configure:5040: gcc --version >&5
gcc (Gentoo 4.8.4 p1.0, pie-0.6.1) 4.8.4
Copyright (C) 2013 Free Software Foundation, Inc.
This is free software; see the source for copying conditions.  There is NO
warranty; not even for MERCHANTABILITY or FITNESS FOR A PARTICULAR PURPOSE.

configure:5051: $? = 0
configure:5040: gcc -v >&5
Using built-in specs.
COLLECT_GCC=/usr/x86_64-pc-linux-gnu/gcc-bin/4.8.4/gcc
COLLECT_LTO_WRAPPER=/usr/libexec/gcc/x86_64-pc-linux-gnu/4.8.4/lto-wrapper
Target: x86_64-pc-linux-gnu
Configured with: /var/tmp/portage/sys-devel/gcc-4.8.4/work/gcc-4.8.4/configure --host=x86_64-pc-linux-gnu --build=x86_64-pc-linux-gnu --prefix=/usr --bindir=/usr/x86_64-pc-linux-gnu/gcc-bin/4.8.4 --includedir=/usr/lib/gcc/x86_64-pc-linux-gnu/4.8.4/include --datadir=/usr/share/gcc-data/x86_64-pc-linux-gnu/4.8.4 --mandir=/usr/share/gcc-data/x86_64-pc-linux-gnu/4.8.4/man --infodir=/usr/share/gcc-data/x86_64-pc-linux-gnu/4.8.4/info --with-gxx-include-dir=/usr/lib/gcc/x86_64-pc-linux-gnu/4.8.4/include/g++-v4 --with-python-dir=/share/gcc-data/x86_64-pc-linux-gnu/4.8.4/python --enable-languages=c,c++,objc,fortran --enable-obsolete --enable-secureplt --disable-werror --with-system-zlib --enable-nls --without-included-gettext --enable-checking=release --with-bugurl=https://bugs.gentoo.org/ --with-pkgversion='Gentoo 4.8.4 p1.0, pie-0.6.1' --enable-libstdcxx-time --enable-shared --enable-threads=posix --enable-__cxa_atexit --enable-clocale=gnu --enable-multilib --with-multilib-list=m32,m64 --disable-altivec --disable-fixed-point --enable-targets=all --disable-libgcj --enable-libgomp --disable-libmudflap --disable-libssp --enable-lto --without-cloog --enable-libsanitizer
Thread model: posix
gcc version 4.8.4 (Gentoo 4.8.4 p1.0, pie-0.6.1) 
configure:5051: $? = 0
configure:5040: gcc -V >&5
gcc: error: unrecognized command line option '-V'
gcc: fatal error: no input files
compilation terminated.
configure:5051: $? = 1
configure:5040: gcc -qversion >&5
gcc: error: unrecognized command line option '-qversion'
gcc: fatal error: no input files
compilation terminated.
configure:5051: $? = 1
configure:5055: checking whether we are using the GNU C compiler
configure:5083: result: yes
configure:5092: checking whether gcc accepts -g
configure:5153: result: yes
configure:5170: checking for gcc option to accept ISO C89
configure:5246: result: none needed
configure:5268: checking dependency style of gcc
configure:5379: result: gcc3
configure:5401: checking how to run the C preprocessor
configure:5432: gcc -E  conftest.c
configure:5432: $? = 0
configure:5446: gcc -E  conftest.c
conftest.c:11:28: fatal error: ac_nonexistent.h: No such file or directory
 #include <ac_nonexistent.h>
                            ^
compilation terminated.
configure:5446: $? = 1
configure: failed program was:
| /* confdefs.h */
| #define PACKAGE_NAME "udisks"
| #define PACKAGE_TARNAME "udisks"
| #define PACKAGE_VERSION "1.0.5"
| #define PACKAGE_STRING "udisks 1.0.5"
| #define PACKAGE_BUGREPORT "http://bugs.freedesktop.org/enter_bug.cgi?product=udisks"
| #define PACKAGE_URL ""
| #define PACKAGE "udisks"
| #define VERSION "1.0.5"
| /* end confdefs.h.  */
| #include <ac_nonexistent.h>
configure:5471: result: gcc -E
configure:5491: gcc -E  conftest.c
configure:5491: $? = 0
configure:5505: gcc -E  conftest.c
conftest.c:11:28: fatal error: ac_nonexistent.h: No such file or directory
 #include <ac_nonexistent.h>
                            ^
compilation terminated.
configure:5505: $? = 1
configure: failed program was:
| /* confdefs.h */
| #define PACKAGE_NAME "udisks"
| #define PACKAGE_TARNAME "udisks"
| #define PACKAGE_VERSION "1.0.5"
| #define PACKAGE_STRING "udisks 1.0.5"
| #define PACKAGE_BUGREPORT "http://bugs.freedesktop.org/enter_bug.cgi?product=udisks"
| #define PACKAGE_URL ""
| #define PACKAGE "udisks"
| #define VERSION "1.0.5"
| /* end confdefs.h.  */
| #include <ac_nonexistent.h>
configure:5534: checking for grep that handles long lines and -e
configure:5592: result: /bin/grep
configure:5597: checking for egrep
configure:5659: result: /bin/grep -E
configure:5664: checking for ANSI C header files
configure:5684: gcc -c -g -O2  conftest.c >&5
configure:5684: $? = 0
configure:5757: gcc -o conftest -g -O2   conftest.c  >&5
configure:5757: $? = 0
configure:5757: ./conftest
configure:5757: $? = 0
configure:5768: result: yes
configure:5805: checking build system type
configure:5819: result: x86_64-unknown-linux-gnu
configure:5839: checking host system type
configure:5852: result: x86_64-unknown-linux-gnu
configure:5893: checking how to print strings
configure:5920: result: printf
configure:5941: checking for a sed that does not truncate output
configure:6005: result: /bin/sed
configure:6023: checking for fgrep
configure:6085: result: /bin/grep -F
configure:6120: checking for ld used by gcc
configure:6187: result: /usr/x86_64-pc-linux-gnu/bin/ld
configure:6194: checking if the linker (/usr/x86_64-pc-linux-gnu/bin/ld) is GNU ld
configure:6209: result: yes
configure:6221: checking for BSD- or MS-compatible name lister (nm)
configure:6275: result: /usr/bin/nm -B
configure:6405: checking the name lister (/usr/bin/nm -B) interface
configure:6412: gcc -c -g -O2  conftest.c >&5
configure:6415: /usr/bin/nm -B "conftest.o"
configure:6418: output
0000000000000000 B some_variable
configure:6425: result: BSD nm
configure:6428: checking whether ln -s works
configure:6432: result: yes
configure:6440: checking the maximum length of command line arguments
configure:6571: result: 1572864
configure:6619: checking how to convert x86_64-unknown-linux-gnu file names to x86_64-unknown-linux-gnu format
configure:6659: result: func_convert_file_noop
configure:6666: checking how to convert x86_64-unknown-linux-gnu file names to toolchain format
configure:6686: result: func_convert_file_noop
configure:6693: checking for /usr/x86_64-pc-linux-gnu/bin/ld option to reload object files
configure:6700: result: -r
configure:6774: checking for objdump
configure:6790: found /usr/bin/objdump
configure:6801: result: objdump
configure:6833: checking how to recognize dependent libraries
configure:7033: result: pass_all
configure:7118: checking for dlltool
configure:7148: result: no
configure:7178: checking how to associate runtime and link libraries
configure:7205: result: printf %s\n
configure:7265: checking for ar
configure:7281: found /usr/bin/ar
configure:7292: result: ar
configure:7329: checking for archiver @FILE support
configure:7346: gcc -c -g -O2  conftest.c >&5
configure:7346: $? = 0
configure:7349: ar cru libconftest.a @conftest.lst >&5
configure:7352: $? = 0
configure:7357: ar cru libconftest.a @conftest.lst >&5
ar: conftest.o: No such file or directory
configure:7360: $? = 1
configure:7372: result: @
configure:7430: checking for strip
configure:7446: found /usr/bin/strip
configure:7457: result: strip
configure:7529: checking for ranlib
configure:7545: found /usr/bin/ranlib
configure:7556: result: ranlib
configure:7658: checking command to parse /usr/bin/nm -B output from gcc object
configure:7811: gcc -c -g -O2  conftest.c >&5
configure:7814: $? = 0
configure:7818: /usr/bin/nm -B conftest.o \| sed -n -e 's/^.*[ ]\([ABCDGIRSTW][ABCDGIRSTW]*\)[ ][ ]*\([_A-Za-z][_A-Za-z0-9]*\)$/\1 \2 \2/p' | sed '/ __gnu_lto/d' \> conftest.nm
configure:7821: $? = 0
configure:7887: gcc -o conftest -g -O2   conftest.c conftstm.o >&5
configure:7890: $? = 0
configure:7928: result: ok
configure:7975: checking for sysroot
configure:8005: result: no
configure:8012: checking for a working dd
configure:8050: result: /bin/dd
configure:8054: checking how to truncate binary pipes
configure:8069: result: /bin/dd bs=4096 count=1
configure:8190: gcc -c -g -O2  conftest.c >&5
configure:8193: $? = 0
configure:8383: checking for mt
configure:8413: result: no
configure:8433: checking if : is a manifest tool
configure:8439: : '-?'
configure:8447: result: no
configure:9089: checking for sys/types.h
configure:9089: gcc -c -g -O2  conftest.c >&5
configure:9089: $? = 0
configure:9089: result: yes
configure:9089: checking for sys/stat.h
configure:9089: gcc -c -g -O2  conftest.c >&5
configure:9089: $? = 0
configure:9089: result: yes
configure:9089: checking for stdlib.h
configure:9089: gcc -c -g -O2  conftest.c >&5
configure:9089: $? = 0
configure:9089: result: yes
configure:9089: checking for string.h
configure:9089: gcc -c -g -O2  conftest.c >&5
configure:9089: $? = 0
configure:9089: result: yes
configure:9089: checking for memory.h
configure:9089: gcc -c -g -O2  conftest.c >&5
configure:9089: $? = 0
configure:9089: result: yes
configure:9089: checking for strings.h
configure:9089: gcc -c -g -O2  conftest.c >&5
configure:9089: $? = 0
configure:9089: result: yes
configure:9089: checking for inttypes.h
configure:9089: gcc -c -g -O2  conftest.c >&5
configure:9089: $? = 0
configure:9089: result: yes
configure:9089: checking for stdint.h
configure:9089: gcc -c -g -O2  conftest.c >&5
configure:9089: $? = 0
configure:9089: result: yes
configure:9089: checking for unistd.h
configure:9089: gcc -c -g -O2  conftest.c >&5
configure:9089: $? = 0
configure:9089: result: yes
configure:9103: checking for dlfcn.h
configure:9103: gcc -c -g -O2  conftest.c >&5
configure:9103: $? = 0
configure:9103: result: yes
configure:9359: checking for objdir
configure:9374: result: .libs
configure:9641: checking if gcc supports -fno-rtti -fno-exceptions
configure:9659: gcc -c -g -O2  -fno-rtti -fno-exceptions conftest.c >&5
cc1: warning: command line option '-fno-rtti' is valid for C++/ObjC++ but not for C [enabled by default]
configure:9663: $? = 0
configure:9676: result: no
configure:10034: checking for gcc option to produce PIC
configure:10041: result: -fPIC -DPIC
configure:10049: checking if gcc PIC flag -fPIC -DPIC works
configure:10067: gcc -c -g -O2  -fPIC -DPIC -DPIC conftest.c >&5
configure:10071: $? = 0
configure:10084: result: yes
configure:10113: checking if gcc static flag -static works
configure:10141: result: yes
configure:10156: checking if gcc supports -c -o file.o
configure:10177: gcc -c -g -O2  -o out/conftest2.o conftest.c >&5
configure:10181: $? = 0
configure:10203: result: yes
configure:10211: checking if gcc supports -c -o file.o
configure:10258: result: yes
configure:10291: checking whether the gcc linker (/usr/x86_64-pc-linux-gnu/bin/ld -m elf_x86_64) supports shared libraries
configure:11550: result: yes
configure:11587: checking whether -lc should be explicitly linked in
configure:11595: gcc -c -g -O2  conftest.c >&5
configure:11598: $? = 0
configure:11613: gcc -shared  -fPIC -DPIC conftest.o  -v -Wl,-soname -Wl,conftest -o conftest 2\>\&1 \| /bin/grep  -lc  \>/dev/null 2\>\&1
configure:11616: $? = 0
configure:11630: result: no
configure:11790: checking dynamic linker characteristics
configure:12380: gcc -o conftest -g -O2   -Wl,-rpath -Wl,/foo conftest.c  >&5
configure:12380: $? = 0
configure:12612: result: GNU/Linux ld.so
configure:12719: checking how to hardcode library paths into programs
configure:12744: result: immediate
configure:13292: checking whether stripping libraries is possible
configure:13297: result: yes
configure:13332: checking if libtool supports shared libraries
configure:13334: result: yes
configure:13337: checking whether to build shared libraries
configure:13362: result: yes
configure:13365: checking whether to build static libraries
configure:13369: result: yes
configure:13406: checking whether make sets $(MAKE)
configure:13428: result: yes
configure:13437: checking whether ln -s works
configure:13441: result: yes
configure:13455: checking for special C compiler options needed for large files
configure:13500: result: no
configure:13506: checking for _FILE_OFFSET_BITS value needed for large files
configure:13531: gcc -c -g -O2  conftest.c >&5
configure:13531: $? = 0
configure:13563: result: no
configure:13649: checking whether gcc and cc understand -c and -o together
configure:13680: gcc -c conftest.c -o conftest2.o >&5
configure:13684: $? = 0
configure:13690: gcc -c conftest.c -o conftest2.o >&5
configure:13694: $? = 0
configure:13705: cc -c conftest.c >&5
configure:13709: $? = 0
configure:13717: cc -c conftest.c -o conftest2.o >&5
configure:13721: $? = 0
configure:13727: cc -c conftest.c -o conftest2.o >&5
configure:13731: $? = 0
configure:13749: result: yes
configure:13786: checking whether make supports nested variables
configure:13803: result: yes
configure:13861: checking for xsltproc
configure:13879: found /usr/bin/xsltproc
configure:13891: result: /usr/bin/xsltproc
configure:13966: checking for pkg-config
configure:13984: found /usr/bin/pkg-config
configure:13996: result: /usr/bin/pkg-config
configure:14021: checking pkg-config is at least version 0.9.0
configure:14024: result: yes
configure:14036: checking for gtk-doc
configure:14039: $PKG_CONFIG --exists --print-errors "$gtk_doc_requires"
Package gtk-doc was not found in the pkg-config search path.
Perhaps you should add the directory containing `gtk-doc.pc'
to the PKG_CONFIG_PATH environment variable
No package 'gtk-doc' found
configure:14042: $? = 1
configure:14048: result: no
configure:14054: WARNING:
  You will not be able to create source packages with 'make dist'
  because gtk-doc >= 1.3 is not found.
configure:14062: checking for gtkdoc-check
configure:14092: result: no
configure:14099: checking for gtkdoc-check
configure:14132: result: no
configure:14141: checking for gtkdoc-rebase
configure:14159: found /usr/bin/gtkdoc-rebase
configure:14171: result: /usr/bin/gtkdoc-rebase
configure:14185: checking for gtkdoc-mkpdf
configure:14218: result: no
configure:14243: checking whether to build gtk-doc documentation
configure:14245: result: no
configure:14258: checking for GTKDOC_DEPS
configure:14265: $PKG_CONFIG --exists --print-errors "glib-2.0 >= 2.10.0 gobject-2.0  >= 2.10.0"
configure:14268: $? = 0
configure:14282: $PKG_CONFIG --exists --print-errors "glib-2.0 >= 2.10.0 gobject-2.0  >= 2.10.0"
configure:14285: $? = 0
configure:14323: result: yes
configure:14480: checking for sg_ll_inquiry in -lsgutils2
configure:14505: gcc -o conftest -g -O2 -Wall -Wchar-subscripts -Wmissing-declarations -Wnested-externs -Wpointer-arith -Wcast-align -Wsign-compare -Wformat -Wformat-security   conftest.c -lsgutils2   >&5
configure:14505: $? = 0
configure:14514: result: yes
configure:14531: checking for GUDEV
configure:14538: $PKG_CONFIG --exists --print-errors "gudev-1.0 >= 147"
configure:14541: $? = 0
configure:14555: $PKG_CONFIG --exists --print-errors "gudev-1.0 >= 147"
configure:14558: $? = 0
configure:14616: result: yes
configure:14625: checking for GLIB
configure:14632: $PKG_CONFIG --exists --print-errors "glib-2.0 >= 2.6.0"
configure:14635: $? = 0
configure:14649: $PKG_CONFIG --exists --print-errors "glib-2.0 >= 2.6.0"
configure:14652: $? = 0
configure:14710: result: yes
configure:14719: checking for GIO
configure:14726: $PKG_CONFIG --exists --print-errors "gio-unix-2.0 >= 2.15.0"
configure:14729: $? = 0
configure:14743: $PKG_CONFIG --exists --print-errors "gio-unix-2.0 >= 2.15.0"
configure:14746: $? = 0
configure:14804: result: yes
configure:14813: checking for DBUS
configure:14820: $PKG_CONFIG --exists --print-errors "dbus-1 >= 1.0"
configure:14823: $? = 0
configure:14837: $PKG_CONFIG --exists --print-errors "dbus-1 >= 1.0"
configure:14840: $? = 0
configure:14898: result: yes
configure:14907: checking for DBUS_GLIB
configure:14914: $PKG_CONFIG --exists --print-errors "dbus-glib-1 >= 0.82"
configure:14917: $? = 0
configure:14931: $PKG_CONFIG --exists --print-errors "dbus-glib-1 >= 0.82"
configure:14934: $? = 0
configure:14992: result: yes
configure:15093: checking for LIBPARTED
configure:15100: $PKG_CONFIG --exists --print-errors "libparted >= 1.8.8"
configure:15103: $? = 0
configure:15117: $PKG_CONFIG --exists --print-errors "libparted >= 1.8.8"
configure:15120: $? = 0
configure:15178: result: yes
configure:15187: checking for DEVMAPPER
configure:15194: $PKG_CONFIG --exists --print-errors "devmapper >= 1.02"
configure:15197: $? = 0
configure:15211: $PKG_CONFIG --exists --print-errors "devmapper >= 1.02"
configure:15214: $? = 0
configure:15272: result: yes
configure:15397: checking for LIBATASMART
configure:15404: $PKG_CONFIG --exists --print-errors "libatasmart >= 0.14"
configure:15407: $? = 0
configure:15421: $PKG_CONFIG --exists --print-errors "libatasmart >= 0.14"
configure:15424: $? = 0
configure:15482: result: yes
configure:15491: checking for LIBUDEV
configure:15498: $PKG_CONFIG --exists --print-errors "libudev >= 143"
configure:15501: $? = 0
configure:15515: $PKG_CONFIG --exists --print-errors "libudev >= 143"
configure:15518: $? = 0
configure:15576: result: yes
configure:15648: checking whether NLS is requested
configure:15657: result: yes
configure:15675: checking for intltool >= 0.36.0
configure:15677: result: 0.50.2 found
configure:15685: checking for intltool-update
configure:15703: found /usr/bin/intltool-update
configure:15715: result: /usr/bin/intltool-update
configure:15725: checking for intltool-merge
configure:15743: found /usr/bin/intltool-merge
configure:15755: result: /usr/bin/intltool-merge
configure:15765: checking for intltool-extract
configure:15783: found /usr/bin/intltool-extract
configure:15795: result: /usr/bin/intltool-extract
configure:15949: checking for xgettext
configure:15967: found /usr/bin/xgettext
configure:15979: result: /usr/bin/xgettext
configure:15989: checking for msgmerge
configure:16007: found /usr/bin/msgmerge
configure:16019: result: /usr/bin/msgmerge
configure:16029: checking for msgfmt
configure:16047: found /usr/bin/msgfmt
configure:16059: result: /usr/bin/msgfmt
configure:16069: checking for gmsgfmt
configure:16087: found /usr/bin/gmsgfmt
configure:16100: result: /usr/bin/gmsgfmt
configure:16120: checking for perl
configure:16138: found /usr/bin/perl
configure:16150: result: /usr/bin/perl
configure:16161: checking for perl >= 5.8.1
configure:16168: result: 5.20.1
configure:16172: checking for XML::Parser
configure:16175: result: ok
configure:16193: checking locale.h usability
configure:16193: gcc -c -g -O2 -Wall -Wchar-subscripts -Wmissing-declarations -Wnested-externs -Wpointer-arith -Wcast-align -Wsign-compare -Wformat -Wformat-security  conftest.c >&5
configure:16193: $? = 0
configure:16193: result: yes
configure:16193: checking locale.h presence
configure:16193: gcc -E  conftest.c
configure:16193: $? = 0
configure:16193: result: yes
configure:16193: checking for locale.h
configure:16193: result: yes
configure:16204: checking for LC_MESSAGES
configure:16220: gcc -o conftest -g -O2 -Wall -Wchar-subscripts -Wmissing-declarations -Wnested-externs -Wpointer-arith -Wcast-align -Wsign-compare -Wformat -Wformat-security  -Wl,--as-needed  conftest.c  >&5
configure:16220: $? = 0
configure:16228: result: yes
configure:16245: checking libintl.h usability
configure:16245: gcc -c -g -O2 -Wall -Wchar-subscripts -Wmissing-declarations -Wnested-externs -Wpointer-arith -Wcast-align -Wsign-compare -Wformat -Wformat-security  conftest.c >&5
configure:16245: $? = 0
configure:16245: result: yes
configure:16245: checking libintl.h presence
configure:16245: gcc -E  conftest.c
configure:16245: $? = 0
configure:16245: result: yes
configure:16245: checking for libintl.h
configure:16245: result: yes
configure:16253: checking for ngettext in libc
configure:16271: gcc -o conftest -g -O2 -Wall -Wchar-subscripts -Wmissing-declarations -Wnested-externs -Wpointer-arith -Wcast-align -Wsign-compare -Wformat -Wformat-security  -Wl,--as-needed  conftest.c  >&5
configure:16271: $? = 0
configure:16280: result: yes
configure:16284: checking for dgettext in libc
configure:16302: gcc -o conftest -g -O2 -Wall -Wchar-subscripts -Wmissing-declarations -Wnested-externs -Wpointer-arith -Wcast-align -Wsign-compare -Wformat -Wformat-security  -Wl,--as-needed  conftest.c  >&5
configure:16302: $? = 0
configure:16311: result: yes
configure:16318: checking for bind_textdomain_codeset
configure:16318: gcc -o conftest -g -O2 -Wall -Wchar-subscripts -Wmissing-declarations -Wnested-externs -Wpointer-arith -Wcast-align -Wsign-compare -Wformat -Wformat-security  -Wl,--as-needed  conftest.c  >&5
configure:16318: $? = 0
configure:16318: result: yes
configure:16594: checking for msgfmt
configure:16621: result: /usr/bin/msgfmt
configure:16632: checking for dcgettext
configure:16632: gcc -o conftest -g -O2 -Wall -Wchar-subscripts -Wmissing-declarations -Wnested-externs -Wpointer-arith -Wcast-align -Wsign-compare -Wformat -Wformat-security  -Wl,--as-needed  conftest.c   >&5
conftest.c:51:6: warning: conflicting types for built-in function 'dcgettext' [enabled by default]
 char dcgettext ();
      ^
configure:16632: $? = 0
configure:16632: result: yes
configure:16642: checking if msgfmt accepts -c
configure:16657: $MSGFMT -c -o /dev/null conftest.foo
conftest.foo:3: warning: header field 'Language' missing in header
configure:16660: $? = 0
configure:16662: result: yes
configure:16672: checking for gmsgfmt
configure:16703: result: /usr/bin/gmsgfmt
configure:16713: checking for xgettext
configure:16740: result: /usr/bin/xgettext
configure:16759: gcc -o conftest -g -O2 -Wall -Wchar-subscripts -Wmissing-declarations -Wnested-externs -Wpointer-arith -Wcast-align -Wsign-compare -Wformat -Wformat-security  -Wl,--as-needed  conftest.c   >&5
conftest.c: In function 'main':
conftest.c:33:1: warning: nested extern declaration of '_nl_msg_cat_cntr' [-Wnested-externs]
 extern int _nl_msg_cat_cntr;
 ^
configure:16759: $? = 0
configure:17014: checking that generated files are newer than configure
configure:17020: result: done
configure:17107: creating ./config.status

## ---------------------- ##
## Running config.status. ##
## ---------------------- ##

This file was extended by udisks config.status 1.0.5, which was
generated by GNU Autoconf 2.69.  Invocation command line was

  CONFIG_FILES    = 
  CONFIG_HEADERS  = 
  CONFIG_LINKS    = 
  CONFIG_COMMANDS = 
  $ ./config.status 

on casket

config.status:1237: creating Makefile
config.status:1237: creating data/Makefile
config.status:1237: creating data/udisks.pc
config.status:1237: creating src/Makefile
config.status:1237: creating src/helpers/Makefile
config.status:1237: creating src/probers/Makefile
config.status:1237: creating tools/Makefile
config.status:1237: creating doc/Makefile
config.status:1237: creating doc/version.xml
config.status:1237: creating doc/man/Makefile
config.status:1237: creating doc/dbus/Makefile
config.status:1237: creating policy/Makefile
config.status:1237: creating po/Makefile.in
config.status:1237: creating tests/Makefile
config.status:1237: creating config.h
config.status:1418: config.h is unchanged
config.status:1466: executing depfiles commands
config.status:1466: executing libtool commands
config.status:1466: executing default-1 commands
config.status:1466: executing po/stamp-it commands

## ---------------- ##
## Cache variables. ##
## ---------------- ##

ac_cv_build=x86_64-unknown-linux-gnu
ac_cv_c_compiler_gnu=yes
ac_cv_env_CC_set=
ac_cv_env_CC_value=
ac_cv_env_CFLAGS_set=
ac_cv_env_CFLAGS_value=
ac_cv_env_CPPFLAGS_set=
ac_cv_env_CPPFLAGS_value=
ac_cv_env_CPP_set=
ac_cv_env_CPP_value=
ac_cv_env_DBUS_CFLAGS_set=
ac_cv_env_DBUS_CFLAGS_value=
ac_cv_env_DBUS_GLIB_CFLAGS_set=
ac_cv_env_DBUS_GLIB_CFLAGS_value=
ac_cv_env_DBUS_GLIB_LIBS_set=
ac_cv_env_DBUS_GLIB_LIBS_value=
ac_cv_env_DBUS_LIBS_set=
ac_cv_env_DBUS_LIBS_value=
ac_cv_env_DEVMAPPER_CFLAGS_set=
ac_cv_env_DEVMAPPER_CFLAGS_value=
ac_cv_env_DEVMAPPER_LIBS_set=
ac_cv_env_DEVMAPPER_LIBS_value=
ac_cv_env_GIO_CFLAGS_set=
ac_cv_env_GIO_CFLAGS_value=
ac_cv_env_GIO_LIBS_set=
ac_cv_env_GIO_LIBS_value=
ac_cv_env_GLIB_CFLAGS_set=
ac_cv_env_GLIB_CFLAGS_value=
ac_cv_env_GLIB_LIBS_set=
ac_cv_env_GLIB_LIBS_value=
ac_cv_env_GTKDOC_DEPS_CFLAGS_set=
ac_cv_env_GTKDOC_DEPS_CFLAGS_value=
ac_cv_env_GTKDOC_DEPS_LIBS_set=
ac_cv_env_GTKDOC_DEPS_LIBS_value=
ac_cv_env_GUDEV_CFLAGS_set=
ac_cv_env_GUDEV_CFLAGS_value=
ac_cv_env_GUDEV_LIBS_set=
ac_cv_env_GUDEV_LIBS_value=
ac_cv_env_LDFLAGS_set=
ac_cv_env_LDFLAGS_value=
ac_cv_env_LIBATASMART_CFLAGS_set=
ac_cv_env_LIBATASMART_CFLAGS_value=
ac_cv_env_LIBATASMART_LIBS_set=
ac_cv_env_LIBATASMART_LIBS_value=
ac_cv_env_LIBPARTED_CFLAGS_set=
ac_cv_env_LIBPARTED_CFLAGS_value=
ac_cv_env_LIBPARTED_LIBS_set=
ac_cv_env_LIBPARTED_LIBS_value=
ac_cv_env_LIBS_set=
ac_cv_env_LIBS_value=
ac_cv_env_LIBUDEV_CFLAGS_set=
ac_cv_env_LIBUDEV_CFLAGS_value=
ac_cv_env_LIBUDEV_LIBS_set=
ac_cv_env_LIBUDEV_LIBS_value=
ac_cv_env_LVM2_CFLAGS_set=
ac_cv_env_LVM2_CFLAGS_value=
ac_cv_env_LVM2_LIBS_set=
ac_cv_env_LVM2_LIBS_value=
ac_cv_env_PKG_CONFIG_LIBDIR_set=
ac_cv_env_PKG_CONFIG_LIBDIR_value=
ac_cv_env_PKG_CONFIG_PATH_set=
ac_cv_env_PKG_CONFIG_PATH_value=
ac_cv_env_PKG_CONFIG_set=
ac_cv_env_PKG_CONFIG_value=
ac_cv_env_POLKIT_GOBJECT_1_CFLAGS_set=
ac_cv_env_POLKIT_GOBJECT_1_CFLAGS_value=
ac_cv_env_POLKIT_GOBJECT_1_LIBS_set=
ac_cv_env_POLKIT_GOBJECT_1_LIBS_value=
ac_cv_env_build_alias_set=
ac_cv_env_build_alias_value=
ac_cv_env_host_alias_set=
ac_cv_env_host_alias_value=
ac_cv_env_target_alias_set=
ac_cv_env_target_alias_value=
ac_cv_func_bind_textdomain_codeset=yes
ac_cv_func_dcgettext=yes
ac_cv_header_dlfcn_h=yes
ac_cv_header_inttypes_h=yes
ac_cv_header_libintl_h=yes
ac_cv_header_locale_h=yes
ac_cv_header_memory_h=yes
ac_cv_header_stdc=yes
ac_cv_header_stdint_h=yes
ac_cv_header_stdlib_h=yes
ac_cv_header_string_h=yes
ac_cv_header_strings_h=yes
ac_cv_header_sys_stat_h=yes
ac_cv_header_sys_types_h=yes
ac_cv_header_unistd_h=yes
ac_cv_host=x86_64-unknown-linux-gnu
ac_cv_lib_sgutils2_sg_ll_inquiry=yes
ac_cv_objext=o
ac_cv_path_EGREP='/bin/grep -E'
ac_cv_path_FGREP='/bin/grep -F'
ac_cv_path_GMSGFMT=/usr/bin/gmsgfmt
ac_cv_path_GREP=/bin/grep
ac_cv_path_GTKDOC_REBASE=/usr/bin/gtkdoc-rebase
ac_cv_path_INTLTOOL_EXTRACT=/usr/bin/intltool-extract
ac_cv_path_INTLTOOL_MERGE=/usr/bin/intltool-merge
ac_cv_path_INTLTOOL_PERL=/usr/bin/perl
ac_cv_path_INTLTOOL_UPDATE=/usr/bin/intltool-update
ac_cv_path_MSGFMT=/usr/bin/msgfmt
ac_cv_path_MSGMERGE=/usr/bin/msgmerge
ac_cv_path_SED=/bin/sed
ac_cv_path_XGETTEXT=/usr/bin/xgettext
ac_cv_path_XSLTPROC=/usr/bin/xsltproc
ac_cv_path_ac_pt_PKG_CONFIG=/usr/bin/pkg-config
ac_cv_path_install='/usr/bin/install -c'
ac_cv_path_lt_DD=/bin/dd
ac_cv_path_mkdir=/bin/mkdir
ac_cv_prog_AWK=gawk
ac_cv_prog_CPP='gcc -E'
ac_cv_prog_ac_ct_AR=ar
ac_cv_prog_ac_ct_CC=gcc
ac_cv_prog_ac_ct_OBJDUMP=objdump
ac_cv_prog_ac_ct_RANLIB=ranlib
ac_cv_prog_ac_ct_STRIP=strip
ac_cv_prog_cc_c89=
ac_cv_prog_cc_g=yes
ac_cv_prog_cc_gcc_c_o=yes
ac_cv_prog_make_make_set=yes
ac_cv_search_strerror='none required'
ac_cv_sys_file_offset_bits=no
ac_cv_sys_largefile_CC=no
am_cv_CC_dependencies_compiler_type=gcc3
am_cv_make_support_nested_variables=yes
am_cv_prog_cc_stdc=
am_cv_val_LC_MESSAGES=yes
gt_cv_func_dgettext_libc=yes
gt_cv_func_dgettext_libintl=no
gt_cv_func_ngettext_libc=yes
gt_cv_have_gettext=yes
lt_cv_ar_at_file=@
lt_cv_archive_cmds_need_lc=no
lt_cv_deplibs_check_method=pass_all
lt_cv_file_magic_cmd='$MAGIC_CMD'
lt_cv_file_magic_test_file=
lt_cv_ld_reload_flag=-r
lt_cv_nm_interface='BSD nm'
lt_cv_objdir=.libs
lt_cv_path_LD=/usr/x86_64-pc-linux-gnu/bin/ld
lt_cv_path_NM='/usr/bin/nm -B'
lt_cv_path_mainfest_tool=no
lt_cv_prog_compiler_c_o=yes
lt_cv_prog_compiler_pic='-fPIC -DPIC'
lt_cv_prog_compiler_pic_works=yes
lt_cv_prog_compiler_rtti_exceptions=no
lt_cv_prog_compiler_static_works=yes
lt_cv_prog_gnu_ld=yes
lt_cv_sharedlib_from_linklib_cmd='printf %s\n'
lt_cv_shlibpath_overrides_runpath=yes
lt_cv_sys_global_symbol_pipe='sed -n -e '\''s/^.*[	 ]\([ABCDGIRSTW][ABCDGIRSTW]*\)[	 ][	 ]*\([_A-Za-z][_A-Za-z0-9]*\)$/\1 \2 \2/p'\'' | sed '\''/ __gnu_lto/d'\'''
lt_cv_sys_global_symbol_to_c_name_address='sed -n -e '\''s/^: \(.*\) .*$/  {"\1", (void *) 0},/p'\'' -e '\''s/^[ABCDGIRSTW][ABCDGIRSTW]* .* \(.*\)$/  {"\1", (void *) \&\1},/p'\'''
lt_cv_sys_global_symbol_to_c_name_address_lib_prefix='sed -n -e '\''s/^: \(.*\) .*$/  {"\1", (void *) 0},/p'\'' -e '\''s/^[ABCDGIRSTW][ABCDGIRSTW]* .* \(lib.*\)$/  {"\1", (void *) \&\1},/p'\'' -e '\''s/^[ABCDGIRSTW][ABCDGIRSTW]* .* \(.*\)$/  {"lib\1", (void *) \&\1},/p'\'''
lt_cv_sys_global_symbol_to_cdecl='sed -n -e '\''s/^T .* \(.*\)$/extern int \1();/p'\'' -e '\''s/^[ABCDGIRSTW][ABCDGIRSTW]* .* \(.*\)$/extern char \1;/p'\'''
lt_cv_sys_global_symbol_to_import=
lt_cv_sys_max_cmd_len=1572864
lt_cv_to_host_file_cmd=func_convert_file_noop
lt_cv_to_tool_file_cmd=func_convert_file_noop
lt_cv_truncate_bin='/bin/dd bs=4096 count=1'
pkg_cv_DBUS_CFLAGS='-I/usr/include/dbus-1.0 -I/usr/lib64/dbus-1.0/include '
pkg_cv_DBUS_GLIB_CFLAGS='-I/usr/include/dbus-1.0 -I/usr/lib64/dbus-1.0/include -I/usr/include/glib-2.0 -I/usr/lib64/glib-2.0/include '
pkg_cv_DBUS_GLIB_LIBS='-ldbus-glib-1 -ldbus-1 -lgobject-2.0 -lglib-2.0 '
pkg_cv_DBUS_LIBS='-ldbus-1 '
pkg_cv_DEVMAPPER_CFLAGS=
pkg_cv_DEVMAPPER_LIBS='-L/lib64 -ldevmapper '
pkg_cv_GIO_CFLAGS='-pthread -I/usr/include/gio-unix-2.0/ -I/usr/include/glib-2.0 -I/usr/lib64/glib-2.0/include '
pkg_cv_GIO_LIBS='-lgio-2.0 -lgobject-2.0 -lglib-2.0 '
pkg_cv_GLIB_CFLAGS='-I/usr/include/glib-2.0 -I/usr/lib64/glib-2.0/include '
pkg_cv_GLIB_LIBS='-lglib-2.0 '
pkg_cv_GTKDOC_DEPS_CFLAGS='-I/usr/include/glib-2.0 -I/usr/lib64/glib-2.0/include '
pkg_cv_GTKDOC_DEPS_LIBS='-lgobject-2.0 -lglib-2.0 '
pkg_cv_GUDEV_CFLAGS='-I/usr/include/gudev-1.0 -I/usr/include/glib-2.0 -I/usr/lib64/glib-2.0/include '
pkg_cv_GUDEV_LIBS='-lgudev-1.0 -lgobject-2.0 -lglib-2.0 '
pkg_cv_LIBATASMART_CFLAGS=
pkg_cv_LIBATASMART_LIBS='-latasmart '
pkg_cv_LIBPARTED_CFLAGS=
pkg_cv_LIBPARTED_LIBS='-lparted '
pkg_cv_LIBUDEV_CFLAGS=
pkg_cv_LIBUDEV_LIBS='-ludev '

## ----------------- ##
## Output variables. ##
## ----------------- ##

ACLOCAL='${SHELL} /home/eric/git/forks/udisks/missing aclocal-1.13'
ALL_LINGUAS=''
AMDEPBACKSLASH='\'
AMDEP_FALSE='#'
AMDEP_TRUE=''
AMTAR='$${TAR-tar}'
AM_BACKSLASH='\'
AM_DEFAULT_V='$(AM_DEFAULT_VERBOSITY)'
AM_DEFAULT_VERBOSITY='0'
AM_V='$(V)'
AR='ar'
AUTOCONF='${SHELL} /home/eric/git/forks/udisks/missing autoconf'
AUTOHEADER='${SHELL} /home/eric/git/forks/udisks/missing autoheader'
AUTOMAKE='${SHELL} /home/eric/git/forks/udisks/missing automake-1.13'
AWK='gawk'
CATALOGS=''
CATOBJEXT='.gmo'
CC='gcc'
CCDEPMODE='depmode=gcc3'
CFLAGS='-g -O2 -Wall -Wchar-subscripts -Wmissing-declarations -Wnested-externs -Wpointer-arith -Wcast-align -Wsign-compare -Wformat -Wformat-security'
CPP='gcc -E'
CPPFLAGS=''
CYGPATH_W='echo'
DATADIRNAME='share'
DBUS_CFLAGS='-I/usr/include/dbus-1.0 -I/usr/lib64/dbus-1.0/include '
DBUS_GLIB_CFLAGS='-I/usr/include/dbus-1.0 -I/usr/lib64/dbus-1.0/include -I/usr/include/glib-2.0 -I/usr/lib64/glib-2.0/include '
DBUS_GLIB_LIBS='-ldbus-glib-1 -ldbus-1 -lgobject-2.0 -lglib-2.0 '
DBUS_LIBS='-ldbus-1 '
DEFS='-DHAVE_CONFIG_H'
DEPDIR='.deps'
DEVMAPPER_CFLAGS=''
DEVMAPPER_LIBS='-L/lib64 -ldevmapper '
DLLTOOL='false'
DSYMUTIL=''
DUMPBIN=''
ECHO_C=''
ECHO_N='-n'
ECHO_T=''
EGREP='/bin/grep -E'
ENABLE_GTK_DOC_FALSE=''
ENABLE_GTK_DOC_TRUE='#'
EXEEXT=''
FGREP='/bin/grep -F'
GETTEXT_PACKAGE='udisks'
GIO_CFLAGS='-pthread -I/usr/include/gio-unix-2.0/ -I/usr/include/glib-2.0 -I/usr/lib64/glib-2.0/include '
GIO_LIBS='-lgio-2.0 -lgobject-2.0 -lglib-2.0 '
GLIB_CFLAGS='-I/usr/include/glib-2.0 -I/usr/lib64/glib-2.0/include '
GLIB_LIBS='-lglib-2.0 '
GMOFILES=''
GMSGFMT='/usr/bin/gmsgfmt'
GREP='/bin/grep'
GTKDOC_CHECK=''
GTKDOC_CHECK_PATH=''
GTKDOC_DEPS_CFLAGS='-I/usr/include/glib-2.0 -I/usr/lib64/glib-2.0/include '
GTKDOC_DEPS_LIBS='-lgobject-2.0 -lglib-2.0 '
GTKDOC_MKPDF=''
GTKDOC_REBASE='/usr/bin/gtkdoc-rebase'
GTK_DOC_BUILD_HTML_FALSE='#'
GTK_DOC_BUILD_HTML_TRUE=''
GTK_DOC_BUILD_PDF_FALSE=''
GTK_DOC_BUILD_PDF_TRUE='#'
GTK_DOC_USE_LIBTOOL_FALSE='#'
GTK_DOC_USE_LIBTOOL_TRUE=''
GTK_DOC_USE_REBASE_FALSE='#'
GTK_DOC_USE_REBASE_TRUE=''
GUDEV_CFLAGS='-I/usr/include/gudev-1.0 -I/usr/include/glib-2.0 -I/usr/lib64/glib-2.0/include '
GUDEV_LIBS='-lgudev-1.0 -lgobject-2.0 -lglib-2.0 '
HAVE_DMMP_FALSE=''
HAVE_DMMP_TRUE='#'
HAVE_GTK_DOC_FALSE=''
HAVE_GTK_DOC_TRUE='#'
HAVE_LVM2_FALSE=''
HAVE_LVM2_TRUE='#'
HAVE_POLKIT_FALSE=''
HAVE_POLKIT_TRUE='#'
HAVE_SYSTEMD_FALSE=''
HAVE_SYSTEMD_TRUE='#'
HTML_DIR='${datadir}/gtk-doc/html'
INSTALL_DATA='${INSTALL} -m 644'
INSTALL_PROGRAM='${INSTALL}'
INSTALL_SCRIPT='${INSTALL}'
INSTALL_STRIP_PROGRAM='$(install_sh) -c -s'
INSTOBJEXT='.mo'
INTLLIBS=''
INTLTOOL_CAVES_RULE='%.caves:     %.caves.in     $(INTLTOOL_MERGE) $(wildcard $(top_srcdir)/po/*.po) ; $(INTLTOOL_V_MERGE)LC_ALL=C $(INTLTOOL_MERGE) $(INTLTOOL_V_MERGE_OPTIONS) -d -u -c $(top_builddir)/po/.intltool-merge-cache $(top_srcdir)/po $< $@'
INTLTOOL_DESKTOP_RULE='%.desktop:   %.desktop.in   $(INTLTOOL_MERGE) $(wildcard $(top_srcdir)/po/*.po) ; $(INTLTOOL_V_MERGE)LC_ALL=C $(INTLTOOL_MERGE) $(INTLTOOL_V_MERGE_OPTIONS) -d -u -c $(top_builddir)/po/.intltool-merge-cache $(top_srcdir)/po $< $@'
INTLTOOL_DIRECTORY_RULE='%.directory: %.directory.in $(INTLTOOL_MERGE) $(wildcard $(top_srcdir)/po/*.po) ; $(INTLTOOL_V_MERGE)LC_ALL=C $(INTLTOOL_MERGE) $(INTLTOOL_V_MERGE_OPTIONS) -d -u -c $(top_builddir)/po/.intltool-merge-cache $(top_srcdir)/po $< $@'
INTLTOOL_EXTRACT='/usr/bin/intltool-extract'
INTLTOOL_KBD_RULE='%.kbd:       %.kbd.in       $(INTLTOOL_MERGE) $(wildcard $(top_srcdir)/po/*.po) ; $(INTLTOOL_V_MERGE)LC_ALL=C $(INTLTOOL_MERGE) $(INTLTOOL_V_MERGE_OPTIONS) -x -u -m -c $(top_builddir)/po/.intltool-merge-cache $(top_srcdir)/po $< $@'
INTLTOOL_KEYS_RULE='%.keys:      %.keys.in      $(INTLTOOL_MERGE) $(wildcard $(top_srcdir)/po/*.po) ; $(INTLTOOL_V_MERGE)LC_ALL=C $(INTLTOOL_MERGE) $(INTLTOOL_V_MERGE_OPTIONS) -k -u -c $(top_builddir)/po/.intltool-merge-cache $(top_srcdir)/po $< $@'
INTLTOOL_MERGE='/usr/bin/intltool-merge'
INTLTOOL_OAF_RULE='%.oaf:       %.oaf.in       $(INTLTOOL_MERGE) $(wildcard $(top_srcdir)/po/*.po) ; $(INTLTOOL_V_MERGE)LC_ALL=C $(INTLTOOL_MERGE) $(INTLTOOL_V_MERGE_OPTIONS) -o -p $(top_srcdir)/po $< $@'
INTLTOOL_PERL='/usr/bin/perl'
INTLTOOL_POLICY_RULE='%.policy:    %.policy.in    $(INTLTOOL_MERGE) $(wildcard $(top_srcdir)/po/*.po) ; $(INTLTOOL_V_MERGE)LC_ALL=C $(INTLTOOL_MERGE) $(INTLTOOL_V_MERGE_OPTIONS) -x -u -c $(top_builddir)/po/.intltool-merge-cache $(top_srcdir)/po $< $@'
INTLTOOL_PONG_RULE='%.pong:      %.pong.in      $(INTLTOOL_MERGE) $(wildcard $(top_srcdir)/po/*.po) ; $(INTLTOOL_V_MERGE)LC_ALL=C $(INTLTOOL_MERGE) $(INTLTOOL_V_MERGE_OPTIONS) -x -u -c $(top_builddir)/po/.intltool-merge-cache $(top_srcdir)/po $< $@'
INTLTOOL_PROP_RULE='%.prop:      %.prop.in      $(INTLTOOL_MERGE) $(wildcard $(top_srcdir)/po/*.po) ; $(INTLTOOL_V_MERGE)LC_ALL=C $(INTLTOOL_MERGE) $(INTLTOOL_V_MERGE_OPTIONS) -d -u -c $(top_builddir)/po/.intltool-merge-cache $(top_srcdir)/po $< $@'
INTLTOOL_SCHEMAS_RULE='%.schemas:   %.schemas.in   $(INTLTOOL_MERGE) $(wildcard $(top_srcdir)/po/*.po) ; $(INTLTOOL_V_MERGE)LC_ALL=C $(INTLTOOL_MERGE) $(INTLTOOL_V_MERGE_OPTIONS) -s -u -c $(top_builddir)/po/.intltool-merge-cache $(top_srcdir)/po $< $@'
INTLTOOL_SERVER_RULE='%.server:    %.server.in    $(INTLTOOL_MERGE) $(wildcard $(top_srcdir)/po/*.po) ; $(INTLTOOL_V_MERGE)LC_ALL=C $(INTLTOOL_MERGE) $(INTLTOOL_V_MERGE_OPTIONS) -o -u -c $(top_builddir)/po/.intltool-merge-cache $(top_srcdir)/po $< $@'
INTLTOOL_SERVICE_RULE='%.service: %.service.in   $(INTLTOOL_MERGE) $(wildcard $(top_srcdir)/po/*.po) ; $(INTLTOOL_V_MERGE)LC_ALL=C $(INTLTOOL_MERGE) $(INTLTOOL_V_MERGE_OPTIONS) -d -u -c $(top_builddir)/po/.intltool-merge-cache $(top_srcdir)/po $< $@'
INTLTOOL_SHEET_RULE='%.sheet:     %.sheet.in     $(INTLTOOL_MERGE) $(wildcard $(top_srcdir)/po/*.po) ; $(INTLTOOL_V_MERGE)LC_ALL=C $(INTLTOOL_MERGE) $(INTLTOOL_V_MERGE_OPTIONS) -x -u -c $(top_builddir)/po/.intltool-merge-cache $(top_srcdir)/po $< $@'
INTLTOOL_SOUNDLIST_RULE='%.soundlist: %.soundlist.in $(INTLTOOL_MERGE) $(wildcard $(top_srcdir)/po/*.po) ; $(INTLTOOL_V_MERGE)LC_ALL=C $(INTLTOOL_MERGE) $(INTLTOOL_V_MERGE_OPTIONS) -d -u -c $(top_builddir)/po/.intltool-merge-cache $(top_srcdir)/po $< $@'
INTLTOOL_THEME_RULE='%.theme:     %.theme.in     $(INTLTOOL_MERGE) $(wildcard $(top_srcdir)/po/*.po) ; $(INTLTOOL_V_MERGE)LC_ALL=C $(INTLTOOL_MERGE) $(INTLTOOL_V_MERGE_OPTIONS) -d -u -c $(top_builddir)/po/.intltool-merge-cache $(top_srcdir)/po $< $@'
INTLTOOL_UI_RULE='%.ui:        %.ui.in        $(INTLTOOL_MERGE) $(wildcard $(top_srcdir)/po/*.po) ; $(INTLTOOL_V_MERGE)LC_ALL=C $(INTLTOOL_MERGE) $(INTLTOOL_V_MERGE_OPTIONS) -x -u -c $(top_builddir)/po/.intltool-merge-cache $(top_srcdir)/po $< $@'
INTLTOOL_UPDATE='/usr/bin/intltool-update'
INTLTOOL_V_MERGE='$(INTLTOOL__v_MERGE_$(V))'
INTLTOOL_V_MERGE_OPTIONS='$(intltool__v_merge_options_$(V))'
INTLTOOL_XAM_RULE='%.xam:       %.xml.in       $(INTLTOOL_MERGE) $(wildcard $(top_srcdir)/po/*.po) ; $(INTLTOOL_V_MERGE)LC_ALL=C $(INTLTOOL_MERGE) $(INTLTOOL_V_MERGE_OPTIONS) -x -u -c $(top_builddir)/po/.intltool-merge-cache $(top_srcdir)/po $< $@'
INTLTOOL_XML_NOMERGE_RULE='%.xml:       %.xml.in       $(INTLTOOL_MERGE) ; $(INTLTOOL_V_MERGE)LC_ALL=C $(INTLTOOL_MERGE) $(INTLTOOL_V_MERGE_OPTIONS) -x -u --no-translations $< $@'
INTLTOOL_XML_RULE='%.xml:       %.xml.in       $(INTLTOOL_MERGE) $(wildcard $(top_srcdir)/po/*.po) ; $(INTLTOOL_V_MERGE)LC_ALL=C $(INTLTOOL_MERGE) $(INTLTOOL_V_MERGE_OPTIONS) -x -u -c $(top_builddir)/po/.intltool-merge-cache $(top_srcdir)/po $< $@'
INTLTOOL__v_MERGE_0='@echo "  ITMRG " $@;'
INTLTOOL__v_MERGE_='$(INTLTOOL__v_MERGE_$(AM_DEFAULT_VERBOSITY))'
LD='/usr/x86_64-pc-linux-gnu/bin/ld -m elf_x86_64'
LDFLAGS='-Wl,--as-needed '
LIBATASMART_CFLAGS=''
LIBATASMART_LIBS='-latasmart '
LIBOBJS=''
LIBPARTED_CFLAGS=''
LIBPARTED_LIBS='-lparted '
LIBS=''
LIBTOOL='$(SHELL) $(top_builddir)/libtool'
LIBUDEV_CFLAGS=''
LIBUDEV_LIBS='-ludev '
LIPO=''
LN_S='ln -s'
LTLIBOBJS=''
LVM2_CFLAGS=''
LVM2_LIBS=''
MAINT='#'
MAINTAINER_MODE_FALSE=''
MAINTAINER_MODE_TRUE='#'
MAKEINFO='${SHELL} /home/eric/git/forks/udisks/missing makeinfo'
MANIFEST_TOOL=':'
MAN_PAGES_ENABLED_FALSE='#'
MAN_PAGES_ENABLED_TRUE=''
MKDIR_P='/bin/mkdir -p'
MKINSTALLDIRS='./mkinstalldirs'
MSGFMT='/usr/bin/msgfmt'
MSGFMT_OPTS='-c'
MSGMERGE='/usr/bin/msgmerge'
NM='/usr/bin/nm -B'
NMEDIT=''
OBJDUMP='objdump'
OBJEXT='o'
OTOOL64=''
OTOOL=''
PACKAGE='udisks'
PACKAGE_BUGREPORT='http://bugs.freedesktop.org/enter_bug.cgi?product=udisks'
PACKAGE_NAME='udisks'
PACKAGE_STRING='udisks 1.0.5'
PACKAGE_TARNAME='udisks'
PACKAGE_URL=''
PACKAGE_VERSION='1.0.5'
PATH_SEPARATOR=':'
PKG_CONFIG='/usr/bin/pkg-config'
PKG_CONFIG_LIBDIR=''
PKG_CONFIG_PATH=''
POFILES=''
POLKIT_GOBJECT_1_CFLAGS=''
POLKIT_GOBJECT_1_LIBS=''
POSUB='po'
PO_IN_DATADIR_FALSE=''
PO_IN_DATADIR_TRUE=''
RANLIB='ranlib'
REMOTE_ACCESS_ENABLED_FALSE='#'
REMOTE_ACCESS_ENABLED_TRUE=''
SED='/bin/sed'
SET_MAKE=''
SGUTILS_CFLAGS=''
SGUTILS_LIBS='-lsgutils2'
SHELL='/bin/sh'
STRIP='strip'
USE_NLS='yes'
VERSION='1.0.5'
XGETTEXT='/usr/bin/xgettext'
XSLTPROC='/usr/bin/xsltproc'
ac_ct_AR='ar'
ac_ct_CC='gcc'
ac_ct_DUMPBIN=''
am__EXEEXT_FALSE=''
am__EXEEXT_TRUE='#'
am__fastdepCC_FALSE='#'
am__fastdepCC_TRUE=''
am__include='include'
am__isrc=''
am__leading_dot='.'
am__nodep='_no'
am__quote=''
am__tar='$${TAR-tar} chof - "$$tardir"'
am__untar='$${TAR-tar} xf -'
bindir='${exec_prefix}/bin'
build='x86_64-unknown-linux-gnu'
build_alias=''
build_cpu='x86_64'
build_os='linux-gnu'
build_vendor='unknown'
datadir='${datarootdir}'
datarootdir='${prefix}/share'
docdir='${datarootdir}/doc/${PACKAGE_TARNAME}'
dvidir='${docdir}'
exec_prefix='${prefix}'
host='x86_64-unknown-linux-gnu'
host_alias=''
host_cpu='x86_64'
host_os='linux-gnu'
host_vendor='unknown'
htmldir='${docdir}'
includedir='${prefix}/include'
infodir='${datarootdir}/info'
install_sh='${SHELL} /home/eric/git/forks/udisks/install-sh'
intltool__v_merge_options_0='-q'
intltool__v_merge_options_='$(intltool__v_merge_options_$(AM_DEFAULT_VERBOSITY))'
libdir='${exec_prefix}/lib'
libexecdir='${exec_prefix}/libexec'
localedir='${datarootdir}/locale'
localstatedir='${prefix}/var'
mandir='${datarootdir}/man'
mkdir_p='$(MKDIR_P)'
oldincludedir='/usr/include'
pdfdir='${docdir}'
prefix='/usr/local'
program_transform_name='s,x,x,'
psdir='${docdir}'
sbindir='${exec_prefix}/sbin'
sharedstatedir='${prefix}/com'
slashlibdir='NONE/lib'
slashsbindir='NONE/sbin'
sysconfdir='${prefix}/etc'
systemdsystemunitdir=''
target_alias=''

## ----------- ##
## confdefs.h. ##
## ----------- ##

/* confdefs.h */
#define PACKAGE_NAME "udisks"
#define PACKAGE_TARNAME "udisks"
#define PACKAGE_VERSION "1.0.5"
#define PACKAGE_STRING "udisks 1.0.5"
#define PACKAGE_BUGREPORT "http://bugs.freedesktop.org/enter_bug.cgi?product=udisks"
#define PACKAGE_URL ""
#define PACKAGE "udisks"
#define VERSION "1.0.5"
#define STDC_HEADERS 1
#define HAVE_SYS_TYPES_H 1
#define HAVE_SYS_STAT_H 1
#define HAVE_STDLIB_H 1
#define HAVE_STRING_H 1
#define HAVE_MEMORY_H 1
#define HAVE_STRINGS_H 1
#define HAVE_INTTYPES_H 1
#define HAVE_STDINT_H 1
#define HAVE_UNISTD_H 1
#define HAVE_DLFCN_H 1
#define LT_OBJDIR ".libs/"
#define REMOTE_ACCESS_ENABLED 1
#define HAVE_LOCALE_H 1
#define HAVE_LC_MESSAGES 1
#define HAVE_BIND_TEXTDOMAIN_CODESET 1
#define HAVE_GETTEXT 1
#define HAVE_DCGETTEXT 1
#define ENABLE_NLS 1
#define GETTEXT_PACKAGE "udisks"

configure: exit 0
